android/app/build/intermediates/manifest_merge_blame_file/developmentDebug/manifest-merger-blame-development-debug-report.txt
1<?xml version="1.0" encoding="utf-8"?>
2<manifest xmlns:android="http://schemas.android.com/apk/res/android"
3    package="com.ceolead.anc.development"
4    android:versionName="1.0.0" >
5
6    <uses-sdk
7        android:minSdkVersion="21"
8        android:targetSdkVersion="30" />
9
10    <uses-permission android:name="android.permission.SYSTEM_ALERT_WINDOW" />
10-->src/debug/AndroidManifest.xml:5:5-77
10-->src/debug/AndroidManifest.xml:5:22-75
11    <uses-permission android:name="android.permission.INTERNET" />
11-->src/main/AndroidManifest.xml:4:5-67
11-->src/main/AndroidManifest.xml:4:22-64
12    <uses-permission android:name="android.permission.CAMERA" />
12-->src/main/AndroidManifest.xml:5:5-65
12-->src/main/AndroidManifest.xml:5:22-62
13    <uses-permission android:name="android.permission.WRITE_EXTERNAL_STORAGE" />
13-->src/main/AndroidManifest.xml:6:5-81
13-->src/main/AndroidManifest.xml:6:22-78
14    <uses-permission android:name="android.permission.READ_EXTERNAL_STORAGE" />
14-->src/main/AndroidManifest.xml:7:5-80
14-->src/main/AndroidManifest.xml:7:22-77
15    <uses-permission android:name="android.permission.ACCESS_WIFI_STATE" />
15-->[com.facebook.flipper:flipper:0.99.0] AndroidManifest.xml:16:5-76
15-->[com.facebook.flipper:flipper:0.99.0] AndroidManifest.xml:16:22-73
16    <uses-permission android:name="android.permission.WAKE_LOCK" />
16-->[:react-native-firebase_auth] AndroidManifest.xml:10:5-68
16-->[:react-native-firebase_auth] AndroidManifest.xml:10:22-65
17    <uses-permission android:name="android.permission.ACCESS_NETWORK_STATE" />
17-->[:react-native-firebase_auth] AndroidManifest.xml:11:5-79
17-->[:react-native-firebase_auth] AndroidManifest.xml:11:22-76
18    <uses-permission android:name="android.permission.USE_BIOMETRIC" />
18-->[:react-native-biometrics] AndroidManifest.xml:9:5-72
18-->[:react-native-biometrics] AndroidManifest.xml:9:22-69
19    <uses-permission android:name="android.permission.USE_FINGERPRINT" />
19-->[:react-native-biometrics] AndroidManifest.xml:10:5-74
19-->[:react-native-biometrics] AndroidManifest.xml:10:22-71
20
21    <uses-feature
21-->[:react-native-camera] AndroidManifest.xml:11:5-13:36
22        android:name="android.hardware.camera"
22-->[:react-native-camera] AndroidManifest.xml:12:9-47
23        android:required="false" />
23-->[:react-native-camera] AndroidManifest.xml:13:9-33
24    <uses-feature
24-->[:react-native-camera] AndroidManifest.xml:14:5-16:36
25        android:name="android.hardware.camera.autofocus"
25-->[:react-native-camera] AndroidManifest.xml:15:9-57
26        android:required="false" />
26-->[:react-native-camera] AndroidManifest.xml:16:9-33
27
28    <queries>
28-->[:react-native-image-crop-picker] AndroidManifest.xml:9:5-13:15
29        <intent>
29-->[:react-native-image-crop-picker] AndroidManifest.xml:10:9-12:18
30            <action android:name="android.media.action.IMAGE_CAPTURE" />
30-->[:react-native-image-crop-picker] AndroidManifest.xml:11:13-73
30-->[:react-native-image-crop-picker] AndroidManifest.xml:11:21-70
31        </intent>
32    </queries> <!-- Required by older versions of Google Play services to create IID tokens -->
33    <uses-permission android:name="com.google.android.c2dm.permission.RECEIVE" />
33-->[com.google.firebase:firebase-messaging:23.0.0] AndroidManifest.xml:25:5-82
33-->[com.google.firebase:firebase-messaging:23.0.0] AndroidManifest.xml:25:22-79
34
35    <application
35-->src/main/AndroidManifest.xml:9:5-30:19
36        android:name="com.anc.MainApplication"
36-->src/main/AndroidManifest.xml:10:7-38
37        android:allowBackup="false"
37-->src/main/AndroidManifest.xml:14:7-34
38        android:appComponentFactory="androidx.core.app.CoreComponentFactory"
38-->[androidx.core:core:1.6.0] AndroidManifest.xml:24:18-86
39        android:debuggable="true"
40        android:icon="@mipmap/ic_launcher"
40-->src/main/AndroidManifest.xml:12:7-41
41        android:label="@string/app_name"
41-->src/main/AndroidManifest.xml:11:7-39
42        android:networkSecurityConfig="@xml/network_security_config"
42-->src/main/AndroidManifest.xml:16:7-67
43        android:roundIcon="@mipmap/ic_launcher_round"
43-->src/main/AndroidManifest.xml:13:7-52
44        android:theme="@style/AppTheme"
44-->src/main/AndroidManifest.xml:15:7-38
45        android:usesCleartextTraffic="true" >
45-->src/debug/AndroidManifest.xml:8:9-44
46        <activity android:name="com.facebook.react.devsupport.DevSettingsActivity" />
46-->src/debug/AndroidManifest.xml:11:9-86
46-->src/debug/AndroidManifest.xml:11:19-83
47        <activity
47-->src/main/AndroidManifest.xml:17:7-29:18
48            android:name="com.anc.MainActivity"
48-->src/main/AndroidManifest.xml:18:9-37
49            android:configChanges="keyboard|keyboardHidden|orientation|screenSize|uiMode"
49-->src/main/AndroidManifest.xml:20:9-86
50            android:exported="true"
50-->src/main/AndroidManifest.xml:24:9-32
51            android:label="@string/app_name"
51-->src/main/AndroidManifest.xml:19:9-41
52            android:launchMode="singleTask"
52-->src/main/AndroidManifest.xml:21:9-40
53            android:screenOrientation="portrait"
53-->src/main/AndroidManifest.xml:22:9-45
54            android:windowSoftInputMode="adjustPan" >
54-->src/main/AndroidManifest.xml:23:9-48
55            <intent-filter>
55-->src/main/AndroidManifest.xml:25:9-28:25
56                <action android:name="android.intent.action.MAIN" />
56-->src/main/AndroidManifest.xml:26:13-65
56-->src/main/AndroidManifest.xml:26:21-62
57
58                <category android:name="android.intent.category.LAUNCHER" />
58-->src/main/AndroidManifest.xml:27:13-73
58-->src/main/AndroidManifest.xml:27:23-70
59            </intent-filter>
60        </activity>
61
62        <service android:name="io.invertase.firebase.messaging.ReactNativeFirebaseMessagingHeadlessService" />
62-->[:react-native-firebase_messaging] AndroidManifest.xml:14:9-111
62-->[:react-native-firebase_messaging] AndroidManifest.xml:14:18-108
63        <service
63-->[:react-native-firebase_messaging] AndroidManifest.xml:15:9-21:19
64            android:name="io.invertase.firebase.messaging.ReactNativeFirebaseMessagingService"
64-->[:react-native-firebase_messaging] AndroidManifest.xml:16:13-95
65            android:exported="false" >
65-->[:react-native-firebase_messaging] AndroidManifest.xml:17:13-37
66            <intent-filter>
66-->[:react-native-firebase_messaging] AndroidManifest.xml:18:13-20:29
67                <action android:name="com.google.firebase.MESSAGING_EVENT" />
67-->[:react-native-firebase_messaging] AndroidManifest.xml:19:17-78
67-->[:react-native-firebase_messaging] AndroidManifest.xml:19:25-75
68            </intent-filter>
69        </service>
70
71        <receiver
71-->[:react-native-firebase_messaging] AndroidManifest.xml:23:9-30:20
72            android:name="io.invertase.firebase.messaging.ReactNativeFirebaseMessagingReceiver"
72-->[:react-native-firebase_messaging] AndroidManifest.xml:24:13-96
73            android:exported="true"
73-->[:react-native-firebase_messaging] AndroidManifest.xml:25:13-36
74            android:permission="com.google.android.c2dm.permission.SEND" >
74-->[:react-native-firebase_messaging] AndroidManifest.xml:26:13-73
75            <intent-filter>
75-->[:react-native-firebase_messaging] AndroidManifest.xml:27:13-29:29
76                <action android:name="com.google.android.c2dm.intent.RECEIVE" />
76-->[:react-native-firebase_messaging] AndroidManifest.xml:28:17-81
76-->[:react-native-firebase_messaging] AndroidManifest.xml:28:25-78
77            </intent-filter>
78        </receiver>
79
80        <meta-data
80-->[:react-native-firebase_messaging] AndroidManifest.xml:32:9-34:36
81            android:name="firebase_messaging_auto_init_enabled"
81-->[:react-native-firebase_messaging] AndroidManifest.xml:33:13-64
82            android:value="true" />
82-->[:react-native-firebase_messaging] AndroidManifest.xml:34:13-33
83        <meta-data
83-->[:react-native-firebase_messaging] AndroidManifest.xml:35:9-37:32
84            android:name="com.google.firebase.messaging.default_notification_channel_id"
84-->[:react-native-firebase_messaging] AndroidManifest.xml:36:13-89
85            android:value="" />
85-->[:react-native-firebase_messaging] AndroidManifest.xml:37:13-29
86        <meta-data
86-->[:react-native-firebase_messaging] AndroidManifest.xml:38:9-40:47
87            android:name="com.google.firebase.messaging.default_notification_color"
87-->[:react-native-firebase_messaging] AndroidManifest.xml:39:13-84
88            android:resource="@color/white" />
88-->[:react-native-firebase_messaging] AndroidManifest.xml:40:13-44
89        <meta-data
89-->[:react-native-firebase_app] AndroidManifest.xml:10:9-12:36
90            android:name="app_data_collection_default_enabled"
90-->[:react-native-firebase_app] AndroidManifest.xml:11:13-63
91            android:value="true" />
91-->[:react-native-firebase_app] AndroidManifest.xml:12:13-33
92
93        <service
93-->[:react-native-firebase_app] AndroidManifest.xml:14:9-18:19
94            android:name="com.google.firebase.components.ComponentDiscoveryService"
94-->[:react-native-firebase_app] AndroidManifest.xml:14:18-89
95            android:directBootAware="true"
95-->[com.google.firebase:firebase-common:20.0.0] AndroidManifest.xml:35:13-43
96            android:exported="false" >
96-->[com.google.firebase:firebase-auth:21.0.1] AndroidManifest.xml:76:13-37
97            <meta-data
97-->[:react-native-firebase_app] AndroidManifest.xml:15:13-17:85
98                android:name="com.google.firebase.components:io.invertase.firebase.app.ReactNativeFirebaseAppRegistrar"
98-->[:react-native-firebase_app] AndroidManifest.xml:16:17-120
99                android:value="com.google.firebase.components.ComponentRegistrar" />
99-->[:react-native-firebase_app] AndroidManifest.xml:17:17-82
100            <meta-data
100-->[com.google.firebase:firebase-auth:21.0.1] AndroidManifest.xml:77:13-79:85
101                android:name="com.google.firebase.components:com.google.firebase.auth.FirebaseAuthRegistrar"
101-->[com.google.firebase:firebase-auth:21.0.1] AndroidManifest.xml:78:17-109
102                android:value="com.google.firebase.components.ComponentRegistrar" />
102-->[com.google.firebase:firebase-auth:21.0.1] AndroidManifest.xml:79:17-82
103            <meta-data
103-->[com.google.firebase:firebase-messaging:23.0.0] AndroidManifest.xml:52:13-54:85
104                android:name="com.google.firebase.components:com.google.firebase.messaging.FirebaseMessagingRegistrar"
104-->[com.google.firebase:firebase-messaging:23.0.0] AndroidManifest.xml:53:17-119
105                android:value="com.google.firebase.components.ComponentRegistrar" />
105-->[com.google.firebase:firebase-messaging:23.0.0] AndroidManifest.xml:54:17-82
106            <meta-data
106-->[com.google.firebase:firebase-datatransport:18.0.0] AndroidManifest.xml:28:13-30:85
107                android:name="com.google.firebase.components:com.google.firebase.datatransport.TransportRegistrar"
107-->[com.google.firebase:firebase-datatransport:18.0.0] AndroidManifest.xml:29:17-115
108                android:value="com.google.firebase.components.ComponentRegistrar" />
108-->[com.google.firebase:firebase-datatransport:18.0.0] AndroidManifest.xml:30:17-82
109            <meta-data
109-->[com.google.firebase:firebase-installations:17.0.0] AndroidManifest.xml:18:13-20:85
110                android:name="com.google.firebase.components:com.google.firebase.installations.FirebaseInstallationsRegistrar"
110-->[com.google.firebase:firebase-installations:17.0.0] AndroidManifest.xml:19:17-127
111                android:value="com.google.firebase.components.ComponentRegistrar" />
111-->[com.google.firebase:firebase-installations:17.0.0] AndroidManifest.xml:20:17-82
112        </service>
113
114        <provider
114-->[:react-native-firebase_app] AndroidManifest.xml:20:9-24:38
115            android:name="io.invertase.firebase.app.ReactNativeFirebaseAppInitProvider"
115-->[:react-native-firebase_app] AndroidManifest.xml:21:13-88
116            android:authorities="com.ceolead.anc.development.reactnativefirebaseappinitprovider"
116-->[:react-native-firebase_app] AndroidManifest.xml:22:13-86
117            android:exported="false"
117-->[:react-native-firebase_app] AndroidManifest.xml:23:13-37
118            android:initOrder="99" />
118-->[:react-native-firebase_app] AndroidManifest.xml:24:13-35
119        <provider
119-->[:react-native-image-crop-picker] AndroidManifest.xml:18:9-26:20
120            android:name="androidx.core.content.FileProvider"
120-->[:react-native-image-crop-picker] AndroidManifest.xml:19:13-62
121            android:authorities="com.ceolead.anc.development.provider"
121-->[:react-native-image-crop-picker] AndroidManifest.xml:20:13-60
122            android:exported="false"
122-->[:react-native-image-crop-picker] AndroidManifest.xml:21:13-37
123            android:grantUriPermissions="true" >
123-->[:react-native-image-crop-picker] AndroidManifest.xml:22:13-47
124            <meta-data
124-->[:react-native-image-crop-picker] AndroidManifest.xml:23:13-25:58
125                android:name="android.support.FILE_PROVIDER_PATHS"
125-->[:react-native-image-crop-picker] AndroidManifest.xml:24:17-67
126                android:resource="@xml/provider_paths" />
126-->[:react-native-image-crop-picker] AndroidManifest.xml:25:17-55
127        </provider>
128
129        <activity
129-->[:react-native-image-crop-picker] AndroidManifest.xml:28:9-30:72
130            android:name="com.yalantis.ucrop.UCropActivity"
130-->[:react-native-image-crop-picker] AndroidManifest.xml:29:13-60
131            android:theme="@style/Theme.AppCompat.Light.NoActionBar" />
131-->[:react-native-image-crop-picker] AndroidManifest.xml:30:13-69
132
133        <provider
133-->[:react-native-share] AndroidManifest.xml:10:9-18:20
134            android:name="cl.json.RNShareFileProvider"
134-->[:react-native-share] AndroidManifest.xml:11:13-55
135            android:authorities="com.ceolead.anc.development.rnshare.fileprovider"
135-->[:react-native-share] AndroidManifest.xml:12:13-72
136            android:exported="false"
136-->[:react-native-share] AndroidManifest.xml:13:13-37
137            android:grantUriPermissions="true" >
137-->[:react-native-share] AndroidManifest.xml:14:13-47
138            <meta-data
138-->[:react-native-image-crop-picker] AndroidManifest.xml:23:13-25:58
139                android:name="android.support.FILE_PROVIDER_PATHS"
139-->[:react-native-image-crop-picker] AndroidManifest.xml:24:17-67
140                android:resource="@xml/share_download_paths" />
140-->[:react-native-image-crop-picker] AndroidManifest.xml:25:17-55
141        </provider>
142
143        <activity
143-->[com.google.firebase:firebase-auth:21.0.1] AndroidManifest.xml:27:9-44:20
144            android:name="com.google.firebase.auth.internal.GenericIdpActivity"
144-->[com.google.firebase:firebase-auth:21.0.1] AndroidManifest.xml:28:13-80
145            android:excludeFromRecents="true"
145-->[com.google.firebase:firebase-auth:21.0.1] AndroidManifest.xml:29:13-46
146            android:exported="true"
146-->[com.google.firebase:firebase-auth:21.0.1] AndroidManifest.xml:30:13-36
147            android:launchMode="singleTask"
147-->[com.google.firebase:firebase-auth:21.0.1] AndroidManifest.xml:31:13-44
148            android:theme="@android:style/Theme.Translucent.NoTitleBar" >
148-->[com.google.firebase:firebase-auth:21.0.1] AndroidManifest.xml:32:13-72
149            <intent-filter>
149-->[com.google.firebase:firebase-auth:21.0.1] AndroidManifest.xml:33:13-43:29
150                <action android:name="android.intent.action.VIEW" />
150-->[com.google.firebase:firebase-auth:21.0.1] AndroidManifest.xml:34:17-69
150-->[com.google.firebase:firebase-auth:21.0.1] AndroidManifest.xml:34:25-66
151
152                <category android:name="android.intent.category.DEFAULT" />
152-->[com.google.firebase:firebase-auth:21.0.1] AndroidManifest.xml:36:17-76
152-->[com.google.firebase:firebase-auth:21.0.1] AndroidManifest.xml:36:27-73
153                <category android:name="android.intent.category.BROWSABLE" />
153-->[com.google.firebase:firebase-auth:21.0.1] AndroidManifest.xml:37:17-78
153-->[com.google.firebase:firebase-auth:21.0.1] AndroidManifest.xml:37:27-75
154
155                <data
155-->[com.google.firebase:firebase-auth:21.0.1] AndroidManifest.xml:39:17-42:51
156                    android:host="firebase.auth"
156-->[com.google.firebase:firebase-auth:21.0.1] AndroidManifest.xml:40:21-49
157                    android:path="/"
157-->[com.google.firebase:firebase-auth:21.0.1] AndroidManifest.xml:41:21-37
158                    android:scheme="genericidp" />
158-->[com.google.firebase:firebase-auth:21.0.1] AndroidManifest.xml:42:21-48
159            </intent-filter>
160        </activity>
161        <activity
161-->[com.google.firebase:firebase-auth:21.0.1] AndroidManifest.xml:45:9-62:20
162            android:name="com.google.firebase.auth.internal.RecaptchaActivity"
162-->[com.google.firebase:firebase-auth:21.0.1] AndroidManifest.xml:46:13-79
163            android:excludeFromRecents="true"
163-->[com.google.firebase:firebase-auth:21.0.1] AndroidManifest.xml:47:13-46
164            android:exported="true"
164-->[com.google.firebase:firebase-auth:21.0.1] AndroidManifest.xml:48:13-36
165            android:launchMode="singleTask"
165-->[com.google.firebase:firebase-auth:21.0.1] AndroidManifest.xml:49:13-44
166            android:theme="@android:style/Theme.Translucent.NoTitleBar" >
166-->[com.google.firebase:firebase-auth:21.0.1] AndroidManifest.xml:50:13-72
167            <intent-filter>
167-->[com.google.firebase:firebase-auth:21.0.1] AndroidManifest.xml:51:13-61:29
168                <action android:name="android.intent.action.VIEW" />
168-->[com.google.firebase:firebase-auth:21.0.1] AndroidManifest.xml:34:17-69
168-->[com.google.firebase:firebase-auth:21.0.1] AndroidManifest.xml:34:25-66
169
170                <category android:name="android.intent.category.DEFAULT" />
170-->[com.google.firebase:firebase-auth:21.0.1] AndroidManifest.xml:36:17-76
170-->[com.google.firebase:firebase-auth:21.0.1] AndroidManifest.xml:36:27-73
171                <category android:name="android.intent.category.BROWSABLE" />
171-->[com.google.firebase:firebase-auth:21.0.1] AndroidManifest.xml:37:17-78
171-->[com.google.firebase:firebase-auth:21.0.1] AndroidManifest.xml:37:27-75
172
173                <data
173-->[com.google.firebase:firebase-auth:21.0.1] AndroidManifest.xml:39:17-42:51
174                    android:host="firebase.auth"
174-->[com.google.firebase:firebase-auth:21.0.1] AndroidManifest.xml:40:21-49
175                    android:path="/"
175-->[com.google.firebase:firebase-auth:21.0.1] AndroidManifest.xml:41:21-37
176                    android:scheme="recaptcha" />
176-->[com.google.firebase:firebase-auth:21.0.1] AndroidManifest.xml:42:21-48
177            </intent-filter>
178        </activity>
179
180        <service
180-->[com.google.firebase:firebase-auth:21.0.1] AndroidManifest.xml:64:9-73:19
181            android:name="com.google.firebase.auth.api.fallback.service.FirebaseAuthFallbackService"
181-->[com.google.firebase:firebase-auth:21.0.1] AndroidManifest.xml:65:13-101
182            android:enabled="true"
182-->[com.google.firebase:firebase-auth:21.0.1] AndroidManifest.xml:66:13-35
183            android:exported="false" >
183-->[com.google.firebase:firebase-auth:21.0.1] AndroidManifest.xml:67:13-37
184            <intent-filter>
184-->[com.google.firebase:firebase-auth:21.0.1] AndroidManifest.xml:68:13-72:29
185                <action android:name="com.google.firebase.auth.api.gms.service.START" />
185-->[com.google.firebase:firebase-auth:21.0.1] AndroidManifest.xml:69:17-89
185-->[com.google.firebase:firebase-auth:21.0.1] AndroidManifest.xml:69:25-86
186
187                <category android:name="android.intent.category.DEFAULT" />
187-->[com.google.firebase:firebase-auth:21.0.1] AndroidManifest.xml:36:17-76
187-->[com.google.firebase:firebase-auth:21.0.1] AndroidManifest.xml:36:27-73
188            </intent-filter>
189        </service>
190        <service
190-->[com.google.android.gms:play-services-mlkit-barcode-scanning:16.2.0] AndroidManifest.xml:9:9-15:19
191            android:name="com.google.mlkit.common.internal.MlKitComponentDiscoveryService"
191-->[com.google.android.gms:play-services-mlkit-barcode-scanning:16.2.0] AndroidManifest.xml:10:13-91
192            android:directBootAware="true"
192-->[com.google.mlkit:common:17.2.0] AndroidManifest.xml:17:13-43
193            android:exported="false" >
193-->[com.google.android.gms:play-services-mlkit-barcode-scanning:16.2.0] AndroidManifest.xml:11:13-37
194            <meta-data
194-->[com.google.android.gms:play-services-mlkit-barcode-scanning:16.2.0] AndroidManifest.xml:12:13-14:85
195                android:name="com.google.firebase.components:com.google.mlkit.vision.barcode.internal.BarcodeRegistrar"
195-->[com.google.android.gms:play-services-mlkit-barcode-scanning:16.2.0] AndroidManifest.xml:13:17-120
196                android:value="com.google.firebase.components.ComponentRegistrar" />
196-->[com.google.android.gms:play-services-mlkit-barcode-scanning:16.2.0] AndroidManifest.xml:14:17-82
197            <meta-data
197-->[com.google.android.gms:play-services-mlkit-face-detection:16.2.0] AndroidManifest.xml:12:13-14:85
198                android:name="com.google.firebase.components:com.google.mlkit.vision.face.internal.FaceRegistrar"
198-->[com.google.android.gms:play-services-mlkit-face-detection:16.2.0] AndroidManifest.xml:13:17-114
199                android:value="com.google.firebase.components.ComponentRegistrar" />
199-->[com.google.android.gms:play-services-mlkit-face-detection:16.2.0] AndroidManifest.xml:14:17-82
200            <meta-data
200-->[com.google.android.gms:play-services-mlkit-text-recognition:16.3.0] AndroidManifest.xml:12:13-14:85
201                android:name="com.google.firebase.components:com.google.mlkit.vision.text.internal.TextRegistrar"
201-->[com.google.android.gms:play-services-mlkit-text-recognition:16.3.0] AndroidManifest.xml:13:17-114
202                android:value="com.google.firebase.components.ComponentRegistrar" />
202-->[com.google.android.gms:play-services-mlkit-text-recognition:16.3.0] AndroidManifest.xml:14:17-82
203            <meta-data
203-->[com.google.mlkit:vision-common:16.5.0] AndroidManifest.xml:12:13-14:85
204                android:name="com.google.firebase.components:com.google.mlkit.vision.common.internal.VisionCommonRegistrar"
204-->[com.google.mlkit:vision-common:16.5.0] AndroidManifest.xml:13:17-124
205                android:value="com.google.firebase.components.ComponentRegistrar" />
205-->[com.google.mlkit:vision-common:16.5.0] AndroidManifest.xml:14:17-82
206            <meta-data
206-->[com.google.mlkit:common:17.2.0] AndroidManifest.xml:20:13-22:85
207                android:name="com.google.firebase.components:com.google.mlkit.common.internal.CommonComponentRegistrar"
207-->[com.google.mlkit:common:17.2.0] AndroidManifest.xml:21:17-120
208                android:value="com.google.firebase.components.ComponentRegistrar" />
208-->[com.google.mlkit:common:17.2.0] AndroidManifest.xml:22:17-82
209        </service>
210
211        <receiver
211-->[com.google.firebase:firebase-messaging:23.0.0] AndroidManifest.xml:28:9-35:20
212            android:name="com.google.firebase.iid.FirebaseInstanceIdReceiver"
212-->[com.google.firebase:firebase-messaging:23.0.0] AndroidManifest.xml:29:13-78
213            android:exported="true"
213-->[com.google.firebase:firebase-messaging:23.0.0] AndroidManifest.xml:30:13-36
214            android:permission="com.google.android.c2dm.permission.SEND" >
214-->[com.google.firebase:firebase-messaging:23.0.0] AndroidManifest.xml:31:13-73
215            <intent-filter>
215-->[:react-native-firebase_messaging] AndroidManifest.xml:27:13-29:29
216                <action android:name="com.google.android.c2dm.intent.RECEIVE" />
216-->[:react-native-firebase_messaging] AndroidManifest.xml:28:17-81
216-->[:react-native-firebase_messaging] AndroidManifest.xml:28:25-78
217            </intent-filter>
218        </receiver>
219        <!--
220             FirebaseMessagingService performs security checks at runtime,
221             but set to not exported to explicitly avoid allowing another app to call it.
222        -->
223        <service
223-->[com.google.firebase:firebase-messaging:23.0.0] AndroidManifest.xml:41:9-48:19
224            android:name="com.google.firebase.messaging.FirebaseMessagingService"
224-->[com.google.firebase:firebase-messaging:23.0.0] AndroidManifest.xml:42:13-82
225            android:directBootAware="true"
225-->[com.google.firebase:firebase-messaging:23.0.0] AndroidManifest.xml:43:13-43
226            android:exported="false" >
226-->[com.google.firebase:firebase-messaging:23.0.0] AndroidManifest.xml:44:13-37
227            <intent-filter android:priority="-500" >
227-->[:react-native-firebase_messaging] AndroidManifest.xml:18:13-20:29
228                <action android:name="com.google.firebase.MESSAGING_EVENT" />
228-->[:react-native-firebase_messaging] AndroidManifest.xml:19:17-78
228-->[:react-native-firebase_messaging] AndroidManifest.xml:19:25-75
229            </intent-filter>
230        </service>
231
232        <provider
232-->[com.google.mlkit:common:17.2.0] AndroidManifest.xml:9:9-13:38
233            android:name="com.google.mlkit.common.internal.MlKitInitProvider"
233-->[com.google.mlkit:common:17.2.0] AndroidManifest.xml:10:13-78
234            android:authorities="com.ceolead.anc.development.mlkitinitprovider"
234-->[com.google.mlkit:common:17.2.0] AndroidManifest.xml:11:13-69
235            android:exported="false"
235-->[com.google.mlkit:common:17.2.0] AndroidManifest.xml:12:13-37
236            android:initOrder="99" />
236-->[com.google.mlkit:common:17.2.0] AndroidManifest.xml:13:13-35
237
238        <service
238-->[com.google.android.datatransport:transport-backend-cct:3.0.0] AndroidManifest.xml:29:9-35:19
239            android:name="com.google.android.datatransport.runtime.backends.TransportBackendDiscovery"
239-->[com.google.android.datatransport:transport-backend-cct:3.0.0] AndroidManifest.xml:30:13-103
240            android:exported="false" >
240-->[com.google.android.datatransport:transport-backend-cct:3.0.0] AndroidManifest.xml:31:13-37
241            <meta-data
241-->[com.google.android.datatransport:transport-backend-cct:3.0.0] AndroidManifest.xml:32:13-34:39
242                android:name="backend:com.google.android.datatransport.cct.CctBackendFactory"
242-->[com.google.android.datatransport:transport-backend-cct:3.0.0] AndroidManifest.xml:33:17-94
243                android:value="cct" />
243-->[com.google.android.datatransport:transport-backend-cct:3.0.0] AndroidManifest.xml:34:17-36
244        </service>
245        <service
245-->[com.google.android.datatransport:transport-runtime:3.0.0] AndroidManifest.xml:26:9-30:19
246            android:name="com.google.android.datatransport.runtime.scheduling.jobscheduling.JobInfoSchedulerService"
246-->[com.google.android.datatransport:transport-runtime:3.0.0] AndroidManifest.xml:27:13-117
247            android:exported="false"
247-->[com.google.android.datatransport:transport-runtime:3.0.0] AndroidManifest.xml:28:13-37
248            android:permission="android.permission.BIND_JOB_SERVICE" >
248-->[com.google.android.datatransport:transport-runtime:3.0.0] AndroidManifest.xml:29:13-69
249        </service>
250
251        <receiver
251-->[com.google.android.datatransport:transport-runtime:3.0.0] AndroidManifest.xml:32:9-34:40
252            android:name="com.google.android.datatransport.runtime.scheduling.jobscheduling.AlarmManagerSchedulerBroadcastReceiver"
252-->[com.google.android.datatransport:transport-runtime:3.0.0] AndroidManifest.xml:33:13-132
253            android:exported="false" />
253-->[com.google.android.datatransport:transport-runtime:3.0.0] AndroidManifest.xml:34:13-37
254
255        <meta-data
255-->[com.github.bumptech.glide:okhttp3-integration:4.12.0] AndroidManifest.xml:11:9-13:43
256            android:name="com.bumptech.glide.integration.okhttp3.OkHttpGlideModule"
256-->[com.github.bumptech.glide:okhttp3-integration:4.12.0] AndroidManifest.xml:12:13-84
257            android:value="GlideModule" />
257-->[com.github.bumptech.glide:okhttp3-integration:4.12.0] AndroidManifest.xml:13:13-40
258
259        <activity
259-->[com.google.android.gms:play-services-auth:20.2.0] AndroidManifest.xml:23:9-27:75
260            android:name="com.google.android.gms.auth.api.signin.internal.SignInHubActivity"
260-->[com.google.android.gms:play-services-auth:20.2.0] AndroidManifest.xml:24:13-93
261            android:excludeFromRecents="true"
261-->[com.google.android.gms:play-services-auth:20.2.0] AndroidManifest.xml:25:13-46
262            android:exported="false"
262-->[com.google.android.gms:play-services-auth:20.2.0] AndroidManifest.xml:26:13-37
263            android:theme="@android:style/Theme.Translucent.NoTitleBar" />
263-->[com.google.android.gms:play-services-auth:20.2.0] AndroidManifest.xml:27:13-72
264        <!--
265            Service handling Google Sign-In user revocation. For apps that do not integrate with
266            Google Sign-In, this service will never be started.
267        -->
268        <service
268-->[com.google.android.gms:play-services-auth:20.2.0] AndroidManifest.xml:33:9-37:51
269            android:name="com.google.android.gms.auth.api.signin.RevocationBoundService"
269-->[com.google.android.gms:play-services-auth:20.2.0] AndroidManifest.xml:34:13-89
270            android:exported="true"
270-->[com.google.android.gms:play-services-auth:20.2.0] AndroidManifest.xml:35:13-36